# JRE version: Java(TM) SE Runtime Environment (21.0.7+8) (build 21.0.7+8-LTS-245)
# Java VM: Java HotSpot(TM) 64-Bit Server VM (21.0.7+8-LTS-245, mixed mode, sharing, tiered, compressed oops, compressed class ptrs, g1 gc, windows-amd64)
GC Precious Log:
 CardTable entry size: 512
 Card Set container configuration: InlinePtr #cards 3 size 8 Array Of Cards #cards 128 size 272 Howl #buckets 8 coarsen threshold 29491 Howl Bitmap #cards 4096 size 528 coarsen threshold 3686 Card regions per heap region 1 cards per card region 32768
 CPUs: 16 total, 16 available
 Memory: 32694M
 Large Page Support: Disabled
 NUMA Support: Disabled
 Compressed Oops: Enabled (Zero based)
 Heap Region Size: 16M
 Heap Min Capacity: 16M
 Heap Initial Capacity: 512M
 Heap Max Capacity: 25G
 Pre-touch: Disabled
 Parallel Workers: 13
 Concurrent Workers: 3
 Concurrent Refinement Workers: 13
 Periodic GC: Disabled
Heap:
 garbage-first heap   total 1916928K, used 635180K [0x00000001c0000000, 0x0000000800000000)
  region size 16384K, 10 young (163840K), 6 survivors (98304K)
 Metaspace       used 119511K, committed 122240K, reserved 1179648K
  class space    used 14369K, committed 15744K, reserved 1048576K
GC Heap History (20 events):
Event: 6406.196 GC heap before
{Heap before GC invocations=49 (full 0):
 garbage-first heap   total 1523712K, used 1117012K [0x00000001c0000000, 0x0000000800000000)
  region size 16384K, 33 young (540672K), 3 survivors (49152K)
 Metaspace       used 116403K, committed 119104K, reserved 1179648K
  class space    used 14280K, committed 15616K, reserved 1048576K
}
Event: 6406.223 GC heap after
{Heap after GC invocations=50 (full 0):
 garbage-first heap   total 1523712K, used 671744K [0x00000001c0000000, 0x0000000800000000)
  region size 16384K, 5 young (81920K), 5 survivors (81920K)
 Metaspace       used 116403K, committed 119104K, reserved 1179648K
  class space    used 14280K, committed 15616K, reserved 1048576K
}
Event: 6406.503 GC heap before
{Heap before GC invocations=50 (full 0):
 garbage-first heap   total 1523712K, used 1163264K [0x00000001c0000000, 0x0000000800000000)
  region size 16384K, 35 young (573440K), 5 survivors (81920K)
 Metaspace       used 116406K, committed 119104K, reserved 1179648K
  class space    used 14280K, committed 15616K, reserved 1048576K
}
Event: 6406.553 GC heap after
{Heap after GC invocations=51 (full 0):
 garbage-first heap   total 3047424K, used 842107K [0x00000001c0000000, 0x0000000800000000)
  region size 16384K, 5 young (81920K), 5 survivors (81920K)
 Metaspace       used 116406K, committed 119104K, reserved 1179648K
  class space    used 14280K, committed 15616K, reserved 1048576K
}
Event: 6488.350 GC heap before
{Heap before GC invocations=52 (full 0):
 garbage-first heap   total 3047424K, used 1988987K [0x00000001c0000000, 0x0000000800000000)
  region size 16384K, 76 young (1245184K), 5 survivors (81920K)
 Metaspace       used 118840K, committed 121600K, reserved 1179648K
  class space    used 14490K, committed 15872K, reserved 1048576K
}
Event: 6488.410 GC heap after
{Heap after GC invocations=53 (full 0):
 garbage-first heap   total 3047424K, used 986825K [0x00000001c0000000, 0x0000000800000000)
  region size 16384K, 10 young (163840K), 10 survivors (163840K)
 Metaspace       used 118840K, committed 121600K, reserved 1179648K
  class space    used 14490K, committed 15872K, reserved 1048576K
}
Event: 6489.988 GC heap before
{Heap before GC invocations=53 (full 0):
 garbage-first heap   total 3047424K, used 2232009K [0x00000001c0000000, 0x0000000800000000)
  region size 16384K, 87 young (1425408K), 10 survivors (163840K)
 Metaspace       used 118948K, committed 121728K, reserved 1179648K
  class space    used 14491K, committed 15872K, reserved 1048576K
}
Event: 6490.067 GC heap after
{Heap after GC invocations=54 (full 0):
 garbage-first heap   total 3047424K, used 970437K [0x00000001c0000000, 0x0000000800000000)
  region size 16384K, 11 young (180224K), 11 survivors (180224K)
 Metaspace       used 118948K, committed 121728K, reserved 1179648K
  class space    used 14491K, committed 15872K, reserved 1048576K
}
Event: 8220.434 GC heap before
{Heap before GC invocations=54 (full 0):
 garbage-first heap   total 3047424K, used 2395845K [0x00000001c0000000, 0x0000000800000000)
  region size 16384K, 99 young (1622016K), 11 survivors (180224K)
 Metaspace       used 119253K, committed 121984K, reserved 1179648K
  class space    used 14494K, committed 15872K, reserved 1048576K
}
Event: 8220.501 GC heap after
{Heap after GC invocations=55 (full 0):
 garbage-first heap   total 3047424K, used 1138691K [0x00000001c0000000, 0x0000000800000000)
  region size 16384K, 13 young (212992K), 13 survivors (212992K)
 Metaspace       used 119253K, committed 121984K, reserved 1179648K
  class space    used 14494K, committed 15872K, reserved 1048576K
}
Event: 9584.224 GC heap before
{Heap before GC invocations=56 (full 0):
 garbage-first heap   total 3047424K, used 2039811K [0x00000001c0000000, 0x0000000800000000)
  region size 16384K, 86 young (1409024K), 13 survivors (212992K)
 Metaspace       used 116263K, committed 119616K, reserved 1179648K
  class space    used 14104K, committed 15744K, reserved 1048576K
}
Event: 9584.300 GC heap after
{Heap after GC invocations=57 (full 0):
 garbage-first heap   total 3047424K, used 1020654K [0x00000001c0000000, 0x0000000800000000)
  region size 16384K, 11 young (180224K), 11 survivors (180224K)
 Metaspace       used 116263K, committed 119616K, reserved 1179648K
  class space    used 14104K, committed 15744K, reserved 1048576K
}
Event: 11238.776 GC heap before
{Heap before GC invocations=57 (full 0):
 garbage-first heap   total 3047424K, used 2331374K [0x00000001c0000000, 0x0000000800000000)
  region size 16384K, 92 young (1507328K), 11 survivors (180224K)
 Metaspace       used 116470K, committed 119616K, reserved 1179648K
  class space    used 14106K, committed 15744K, reserved 1048576K
}
Event: 11238.802 GC heap after
{Heap after GC invocations=58 (full 0):
 garbage-first heap   total 3047424K, used 722013K [0x00000001c0000000, 0x0000000800000000)
  region size 16384K, 7 young (114688K), 7 survivors (114688K)
 Metaspace       used 116470K, committed 119616K, reserved 1179648K
  class space    used 14106K, committed 15744K, reserved 1048576K
}
Event: 12089.361 GC heap before
{Heap before GC invocations=58 (full 0):
 garbage-first heap   total 3047424K, used 2360413K [0x00000001c0000000, 0x0000000800000000)
  region size 16384K, 108 young (1769472K), 7 survivors (114688K)
 Metaspace       used 116796K, committed 119744K, reserved 1179648K
  class space    used 14109K, committed 15744K, reserved 1048576K
}
Event: 12089.380 GC heap after
{Heap after GC invocations=59 (full 0):
 garbage-first heap   total 3047424K, used 721640K [0x00000001c0000000, 0x0000000800000000)
  region size 16384K, 7 young (114688K), 7 survivors (114688K)
 Metaspace       used 116796K, committed 119744K, reserved 1179648K
  class space    used 14109K, committed 15744K, reserved 1048576K
}
Event: 12091.511 GC heap before
{Heap before GC invocations=60 (full 0):
 garbage-first heap   total 1916928K, used 1514349K [0x00000001c0000000, 0x0000000800000000)
  region size 16384K, 70 young (1146880K), 7 survivors (114688K)
 Metaspace       used 116816K, committed 119808K, reserved 1179648K
  class space    used 14108K, committed 15744K, reserved 1048576K
}
Event: 12091.663 GC heap after
{Heap after GC invocations=61 (full 0):
 garbage-first heap   total 1916928K, used 751638K [0x00000001c0000000, 0x0000000800000000)
  region size 16384K, 9 young (147456K), 9 survivors (147456K)
 Metaspace       used 116816K, committed 119808K, reserved 1179648K
  class space    used 14108K, committed 15744K, reserved 1048576K
}
Event: 13285.026 GC heap before
{Heap before GC invocations=61 (full 0):
 garbage-first heap   total 1916928K, used 1423382K [0x00000001c0000000, 0x0000000800000000)
  region size 16384K, 51 young (835584K), 9 survivors (147456K)
 Metaspace       used 118822K, committed 121600K, reserved 1179648K
  class space    used 14317K, committed 15744K, reserved 1048576K
}
Event: 13285.077 GC heap after
{Heap after GC invocations=62 (full 0):
 garbage-first heap   total 1916928K, used 586028K [0x00000001c0000000, 0x0000000800000000)
  region size 16384K, 6 young (98304K), 6 survivors (98304K)
 Metaspace       used 118822K, committed 121600K, reserved 1179648K
  class space    used 14317K, committed 15744K, reserved 1048576K
}

