# JRE version: OpenJDK Runtime Environment Temurin-21.0.6+7 (21.0.6+7) (build 21.0.6+7-LTS)
# Java VM: OpenJDK 64-Bit Server VM Temurin-21.0.6+7 (21.0.6+7-LTS, mixed mode, sharing, tiered, compressed oops, compressed class ptrs, g1 gc, windows-amd64)
GC Precious Log:
 CardTable entry size: 512
 Card Set container configuration: InlinePtr #cards 3 size 8 Array Of Cards #cards 128 size 272 Howl #buckets 8 coarsen threshold 29491 Howl Bitmap #cards 4096 size 528 coarsen threshold 3686 Card regions per heap region 1 cards per card region 32768
 CPUs: 16 total, 16 available
 Memory: 32694M
 Large Page Support: Disabled
 NUMA Support: Disabled
 Compressed Oops: Enabled (Zero based)
 Heap Region Size: 16M
 Heap Min Capacity: 16M
 Heap Initial Capacity: 512M
 Heap Max Capacity: 25G
 Pre-touch: Disabled
 Parallel Workers: 13
 Concurrent Workers: 3
 Concurrent Refinement Workers: 13
 Periodic GC: Disabled
Heap:
 garbage-first heap   total 163840K, used 93816K [0x00000001c0000000, 0x0000000800000000)
  region size 16384K, 4 young (65536K), 1 survivors (16384K)
 Metaspace       used 71546K, committed 73856K, reserved 1114112K
  class space    used 10194K, committed 11328K, reserved 1048576K
GC Heap History (20 events):
Event: 2.083 GC heap before
{Heap before GC invocations=5 (full 0):
 garbage-first heap   total 524288K, used 21618K [0x00000001c0000000, 0x0000000800000000)
  region size 16384K, 2 young (32768K), 1 survivors (16384K)
 Metaspace       used 20899K, committed 21504K, reserved 1114112K
  class space    used 2798K, committed 3072K, reserved 1048576K
}
Event: 2.087 GC heap after
{Heap after GC invocations=6 (full 0):
 garbage-first heap   total 524288K, used 22713K [0x00000001c0000000, 0x0000000800000000)
  region size 16384K, 2 young (32768K), 2 survivors (32768K)
 Metaspace       used 20899K, committed 21504K, reserved 1114112K
  class space    used 2798K, committed 3072K, reserved 1048576K
}
Event: 3.018 GC heap before
{Heap before GC invocations=7 (full 0):
 garbage-first heap   total 163840K, used 104633K [0x00000001c0000000, 0x0000000800000000)
  region size 16384K, 9 young (147456K), 2 survivors (32768K)
 Metaspace       used 34800K, committed 36096K, reserved 1114112K
  class space    used 4835K, committed 5504K, reserved 1048576K
}
Event: 3.023 GC heap after
{Heap after GC invocations=8 (full 0):
 garbage-first heap   total 196608K, used 30150K [0x00000001c0000000, 0x0000000800000000)
  region size 16384K, 2 young (32768K), 2 survivors (32768K)
 Metaspace       used 34800K, committed 36096K, reserved 1114112K
  class space    used 4835K, committed 5504K, reserved 1048576K
}
Event: 3.048 GC heap before
{Heap before GC invocations=8 (full 0):
 garbage-first heap   total 196608K, used 30150K [0x00000001c0000000, 0x0000000800000000)
  region size 16384K, 3 young (49152K), 2 survivors (32768K)
 Metaspace       used 35179K, committed 36416K, reserved 1114112K
  class space    used 4886K, committed 5504K, reserved 1048576K
}
Event: 3.054 GC heap after
{Heap after GC invocations=9 (full 0):
 garbage-first heap   total 196608K, used 30298K [0x00000001c0000000, 0x0000000800000000)
  region size 16384K, 1 young (16384K), 1 survivors (16384K)
 Metaspace       used 35179K, committed 36416K, reserved 1114112K
  class space    used 4886K, committed 5504K, reserved 1048576K
}
Event: 3.069 GC heap before
{Heap before GC invocations=9 (full 0):
 garbage-first heap   total 196608K, used 30298K [0x00000001c0000000, 0x0000000800000000)
  region size 16384K, 2 young (32768K), 1 survivors (16384K)
 Metaspace       used 35416K, committed 36736K, reserved 1114112K
  class space    used 4922K, committed 5632K, reserved 1048576K
}
Event: 3.072 GC heap after
{Heap after GC invocations=10 (full 0):
 garbage-first heap   total 344064K, used 29409K [0x00000001c0000000, 0x0000000800000000)
  region size 16384K, 1 young (16384K), 1 survivors (16384K)
 Metaspace       used 35416K, committed 36736K, reserved 1114112K
  class space    used 4922K, committed 5632K, reserved 1048576K
}
Event: 3.886 GC heap before
{Heap before GC invocations=11 (full 0):
 garbage-first heap   total 163840K, used 111329K [0x00000001c0000000, 0x0000000800000000)
  region size 16384K, 6 young (98304K), 1 survivors (16384K)
 Metaspace       used 43655K, committed 45440K, reserved 1114112K
  class space    used 6295K, committed 7168K, reserved 1048576K
}
Event: 3.890 GC heap after
{Heap after GC invocations=12 (full 0):
 garbage-first heap   total 163840K, used 35283K [0x00000001c0000000, 0x0000000800000000)
  region size 16384K, 1 young (16384K), 1 survivors (16384K)
 Metaspace       used 43655K, committed 45440K, reserved 1114112K
  class space    used 6295K, committed 7168K, reserved 1048576K
}
Event: 4.500 GC heap before
{Heap before GC invocations=12 (full 0):
 garbage-first heap   total 163840K, used 117203K [0x00000001c0000000, 0x0000000800000000)
  region size 16384K, 6 young (98304K), 1 survivors (16384K)
 Metaspace       used 50122K, committed 52032K, reserved 1114112K
  class space    used 7245K, committed 8128K, reserved 1048576K
}
Event: 4.506 GC heap after
{Heap after GC invocations=13 (full 0):
 garbage-first heap   total 163840K, used 40775K [0x00000001c0000000, 0x0000000800000000)
  region size 16384K, 1 young (16384K), 1 survivors (16384K)
 Metaspace       used 50122K, committed 52032K, reserved 1114112K
  class space    used 7245K, committed 8128K, reserved 1048576K
}
Event: 5.274 GC heap before
{Heap before GC invocations=13 (full 0):
 garbage-first heap   total 163840K, used 122695K [0x00000001c0000000, 0x0000000800000000)
  region size 16384K, 6 young (98304K), 1 survivors (16384K)
 Metaspace       used 59067K, committed 61120K, reserved 1114112K
  class space    used 8580K, committed 9600K, reserved 1048576K
}
Event: 5.279 GC heap after
{Heap after GC invocations=14 (full 0):
 garbage-first heap   total 163840K, used 47186K [0x00000001c0000000, 0x0000000800000000)
  region size 16384K, 1 young (16384K), 1 survivors (16384K)
 Metaspace       used 59067K, committed 61120K, reserved 1114112K
  class space    used 8580K, committed 9600K, reserved 1048576K
}
Event: 5.298 GC heap before
{Heap before GC invocations=14 (full 0):
 garbage-first heap   total 163840K, used 47186K [0x00000001c0000000, 0x0000000800000000)
  region size 16384K, 2 young (32768K), 1 survivors (16384K)
 Metaspace       used 59497K, committed 61568K, reserved 1114112K
  class space    used 8638K, committed 9664K, reserved 1048576K
}
Event: 5.302 GC heap after
{Heap after GC invocations=15 (full 0):
 garbage-first heap   total 163840K, used 47833K [0x00000001c0000000, 0x0000000800000000)
  region size 16384K, 1 young (16384K), 1 survivors (16384K)
 Metaspace       used 59497K, committed 61568K, reserved 1114112K
  class space    used 8638K, committed 9664K, reserved 1048576K
}
Event: 6.029 GC heap before
{Heap before GC invocations=16 (full 0):
 garbage-first heap   total 163840K, used 129753K [0x00000001c0000000, 0x0000000800000000)
  region size 16384K, 6 young (98304K), 1 survivors (16384K)
 Metaspace       used 65801K, committed 68032K, reserved 1114112K
  class space    used 9379K, committed 10496K, reserved 1048576K
}
Event: 6.034 GC heap after
{Heap after GC invocations=17 (full 0):
 garbage-first heap   total 163840K, used 56238K [0x00000001c0000000, 0x0000000800000000)
  region size 16384K, 1 young (16384K), 1 survivors (16384K)
 Metaspace       used 65801K, committed 68032K, reserved 1114112K
  class space    used 9379K, committed 10496K, reserved 1048576K
}
Event: 8.023 GC heap before
{Heap before GC invocations=17 (full 0):
 garbage-first heap   total 163840K, used 121774K [0x00000001c0000000, 0x0000000800000000)
  region size 16384K, 5 young (81920K), 1 survivors (16384K)
 Metaspace       used 69812K, committed 72064K, reserved 1114112K
  class space    used 9971K, committed 11072K, reserved 1048576K
}
Event: 8.029 GC heap after
{Heap after GC invocations=18 (full 0):
 garbage-first heap   total 163840K, used 61048K [0x00000001c0000000, 0x0000000800000000)
  region size 16384K, 1 young (16384K), 1 survivors (16384K)
 Metaspace       used 69812K, committed 72064K, reserved 1114112K
  class space    used 9971K, committed 11072K, reserved 1048576K
}

