# JRE version: Java(TM) SE Runtime Environment (21.0.7+8) (build 21.0.7+8-LTS-245)
# Java VM: Java HotSpot(TM) 64-Bit Server VM (21.0.7+8-LTS-245, mixed mode, sharing, tiered, compressed oops, compressed class ptrs, g1 gc, windows-amd64)
GC Precious Log:
 CardTable entry size: 512
 Card Set container configuration: InlinePtr #cards 3 size 8 Array Of Cards #cards 128 size 272 Howl #buckets 8 coarsen threshold 29491 Howl Bitmap #cards 4096 size 528 coarsen threshold 3686 Card regions per heap region 1 cards per card region 32768
 CPUs: 16 total, 16 available
 Memory: 32694M
 Large Page Support: Disabled
 NUMA Support: Disabled
 Compressed Oops: Enabled (Zero based)
 Heap Region Size: 16M
 Heap Min Capacity: 16M
 Heap Initial Capacity: 512M
 Heap Max Capacity: 25G
 Pre-touch: Disabled
 Parallel Workers: 13
 Concurrent Workers: 3
 Concurrent Refinement Workers: 13
 Periodic GC: Disabled
Heap:
 garbage-first heap   total 2162688K, used 1457355K [0x00000001c0000000, 0x0000000800000000)
  region size 16384K, 49 young (802816K), 9 survivors (147456K)
 Metaspace       used 113880K, committed 116608K, reserved 1179648K
  class space    used 14100K, committed 15424K, reserved 1048576K
GC Heap History (20 events):
Event: 10.763 GC heap before
{Heap before GC invocations=25 (full 0):
 garbage-first heap   total 655360K, used 481571K [0x00000001c0000000, 0x0000000800000000)
  region size 16384K, 14 young (229376K), 3 survivors (49152K)
 Metaspace       used 78826K, committed 81280K, reserved 1179648K
  class space    used 11068K, committed 12288K, reserved 1048576K
}
Event: 10.794 GC heap after
{Heap after GC invocations=26 (full 0):
 garbage-first heap   total 655360K, used 381091K [0x00000001c0000000, 0x0000000800000000)
  region size 16384K, 2 young (32768K), 2 survivors (32768K)
 Metaspace       used 78826K, committed 81280K, reserved 1179648K
  class space    used 11068K, committed 12288K, reserved 1048576K
}
Event: 11.414 GC heap before
{Heap before GC invocations=26 (full 0):
 garbage-first heap   total 655360K, used 512163K [0x00000001c0000000, 0x0000000800000000)
  region size 16384K, 10 young (163840K), 2 survivors (32768K)
 Metaspace       used 81363K, committed 83840K, reserved 1179648K
  class space    used 11226K, committed 12480K, reserved 1048576K
}
Event: 11.426 GC heap after
{Heap after GC invocations=27 (full 0):
 garbage-first heap   total 655360K, used 407959K [0x00000001c0000000, 0x0000000800000000)
  region size 16384K, 1 young (16384K), 1 survivors (16384K)
 Metaspace       used 81363K, committed 83840K, reserved 1179648K
  class space    used 11226K, committed 12480K, reserved 1048576K
}
Event: 11.997 GC heap before
{Heap before GC invocations=28 (full 0):
 garbage-first heap   total 737280K, used 539031K [0x00000001c0000000, 0x0000000800000000)
  region size 16384K, 9 young (147456K), 1 survivors (16384K)
 Metaspace       used 83851K, committed 86400K, reserved 1179648K
  class space    used 11482K, committed 12736K, reserved 1048576K
}
Event: 12.008 GC heap after
{Heap after GC invocations=29 (full 0):
 garbage-first heap   total 737280K, used 421593K [0x00000001c0000000, 0x0000000800000000)
  region size 16384K, 2 young (32768K), 2 survivors (32768K)
 Metaspace       used 83851K, committed 86400K, reserved 1179648K
  class space    used 11482K, committed 12736K, reserved 1048576K
}
Event: 13.463 GC heap before
{Heap before GC invocations=29 (full 0):
 garbage-first heap   total 737280K, used 601817K [0x00000001c0000000, 0x0000000800000000)
  region size 16384K, 13 young (212992K), 2 survivors (32768K)
 Metaspace       used 93104K, committed 95680K, reserved 1179648K
  class space    used 12305K, committed 13568K, reserved 1048576K
}
Event: 13.476 GC heap after
{Heap after GC invocations=30 (full 0):
 garbage-first heap   total 737280K, used 429286K [0x00000001c0000000, 0x0000000800000000)
  region size 16384K, 2 young (32768K), 2 survivors (32768K)
 Metaspace       used 93104K, committed 95680K, reserved 1179648K
  class space    used 12305K, committed 13568K, reserved 1048576K
}
Event: 15.549 GC heap before
{Heap before GC invocations=30 (full 0):
 garbage-first heap   total 737280K, used 609510K [0x00000001c0000000, 0x0000000800000000)
  region size 16384K, 13 young (212992K), 2 survivors (32768K)
 Metaspace       used 97646K, committed 100288K, reserved 1179648K
  class space    used 12528K, committed 13824K, reserved 1048576K
}
Event: 15.571 GC heap after
{Heap after GC invocations=31 (full 0):
 garbage-first heap   total 737280K, used 464121K [0x00000001c0000000, 0x0000000800000000)
  region size 16384K, 2 young (32768K), 2 survivors (32768K)
 Metaspace       used 97646K, committed 100288K, reserved 1179648K
  class space    used 12528K, committed 13824K, reserved 1048576K
}
Event: 4187.197 GC heap before
{Heap before GC invocations=32 (full 0):
 garbage-first heap   total 851968K, used 611577K [0x00000001c0000000, 0x0000000800000000)
  region size 16384K, 12 young (196608K), 2 survivors (32768K)
 Metaspace       used 98759K, committed 101440K, reserved 1179648K
  class space    used 12625K, committed 13952K, reserved 1048576K
}
Event: 4187.208 GC heap after
{Heap after GC invocations=33 (full 0):
 garbage-first heap   total 851968K, used 477600K [0x00000001c0000000, 0x0000000800000000)
  region size 16384K, 1 young (16384K), 1 survivors (16384K)
 Metaspace       used 98759K, committed 101440K, reserved 1179648K
  class space    used 12625K, committed 13952K, reserved 1048576K
}
Event: 4332.106 GC heap before
{Heap before GC invocations=33 (full 0):
 garbage-first heap   total 851968K, used 690592K [0x00000001c0000000, 0x0000000800000000)
  region size 16384K, 15 young (245760K), 1 survivors (16384K)
 Metaspace       used 100618K, committed 103296K, reserved 1179648K
  class space    used 12754K, committed 14080K, reserved 1048576K
}
Event: 4332.121 GC heap after
{Heap after GC invocations=34 (full 0):
 garbage-first heap   total 851968K, used 530806K [0x00000001c0000000, 0x0000000800000000)
  region size 16384K, 2 young (32768K), 2 survivors (32768K)
 Metaspace       used 100618K, committed 103296K, reserved 1179648K
  class space    used 12754K, committed 14080K, reserved 1048576K
}
Event: 4332.207 GC heap before
{Heap before GC invocations=34 (full 0):
 garbage-first heap   total 851968K, used 694646K [0x00000001c0000000, 0x0000000800000000)
  region size 16384K, 13 young (212992K), 2 survivors (32768K)
 Metaspace       used 100642K, committed 103296K, reserved 1179648K
  class space    used 12754K, committed 14080K, reserved 1048576K
}
Event: 4332.219 GC heap after
{Heap after GC invocations=35 (full 0):
 garbage-first heap   total 851968K, used 561349K [0x00000001c0000000, 0x0000000800000000)
  region size 16384K, 2 young (32768K), 2 survivors (32768K)
 Metaspace       used 100642K, committed 103296K, reserved 1179648K
  class space    used 12754K, committed 14080K, reserved 1048576K
}
Event: 4332.352 GC heap before
{Heap before GC invocations=35 (full 0):
 garbage-first heap   total 1228800K, used 725189K [0x00000001c0000000, 0x0000000800000000)
  region size 16384K, 12 young (196608K), 2 survivors (32768K)
 Metaspace       used 100661K, committed 103296K, reserved 1179648K
  class space    used 12754K, committed 14080K, reserved 1048576K
}
Event: 4332.360 GC heap after
{Heap after GC invocations=36 (full 0):
 garbage-first heap   total 2162688K, used 583535K [0x00000001c0000000, 0x0000000800000000)
  region size 16384K, 2 young (32768K), 2 survivors (32768K)
 Metaspace       used 100661K, committed 103296K, reserved 1179648K
  class space    used 12754K, committed 14080K, reserved 1048576K
}
Event: 4333.815 GC heap before
{Heap before GC invocations=37 (full 0):
 garbage-first heap   total 2162688K, used 1648495K [0x00000001c0000000, 0x0000000800000000)
  region size 16384K, 68 young (1114112K), 2 survivors (32768K)
 Metaspace       used 101528K, committed 104192K, reserved 1179648K
  class space    used 12754K, committed 14080K, reserved 1048576K
}
Event: 4333.880 GC heap after
{Heap after GC invocations=38 (full 0):
 garbage-first heap   total 2162688K, used 834763K [0x00000001c0000000, 0x0000000800000000)
  region size 16384K, 9 young (147456K), 9 survivors (147456K)
 Metaspace       used 101528K, committed 104192K, reserved 1179648K
  class space    used 12754K, committed 14080K, reserved 1048576K
}

