# JRE version: Java(TM) SE Runtime Environment (21.0.7+8) (build 21.0.7+8-LTS-245)
# Java VM: Java HotSpot(TM) 64-Bit Server VM (21.0.7+8-LTS-245, mixed mode, sharing, tiered, compressed oops, compressed class ptrs, g1 gc, windows-amd64)
GC Precious Log:
 CardTable entry size: 512
 Card Set container configuration: InlinePtr #cards 3 size 8 Array Of Cards #cards 128 size 272 Howl #buckets 8 coarsen threshold 29491 Howl Bitmap #cards 4096 size 528 coarsen threshold 3686 Card regions per heap region 1 cards per card region 32768
 CPUs: 16 total, 16 available
 Memory: 32694M
 Large Page Support: Disabled
 NUMA Support: Disabled
 Compressed Oops: Enabled (Zero based)
 Heap Region Size: 16M
 Heap Min Capacity: 16M
 Heap Initial Capacity: 512M
 Heap Max Capacity: 25G
 Pre-touch: Disabled
 Parallel Workers: 13
 Concurrent Workers: 3
 Concurrent Refinement Workers: 13
 Periodic GC: Disabled
Heap:
 garbage-first heap   total 1097728K, used 854337K [0x00000001c0000000, 0x0000000800000000)
  region size 16384K, 26 young (425984K), 4 survivors (65536K)
 Metaspace       used 100784K, committed 103360K, reserved 1179648K
  class space    used 12699K, committed 14016K, reserved 1048576K
GC Heap History (20 events):
Event: 9.690 GC heap after
{Heap after GC invocations=23 (full 0):
 garbage-first heap   total 507904K, used 178022K [0x00000001c0000000, 0x0000000800000000)
  region size 16384K, 2 young (32768K), 2 survivors (32768K)
 Metaspace       used 79060K, committed 81536K, reserved 1179648K
  class space    used 11098K, committed 12352K, reserved 1048576K
}
Event: 9.789 GC heap before
{Heap before GC invocations=23 (full 0):
 garbage-first heap   total 507904K, used 391014K [0x00000001c0000000, 0x0000000800000000)
  region size 16384K, 15 young (245760K), 2 survivors (32768K)
 Metaspace       used 79068K, committed 81536K, reserved 1179648K
  class space    used 11098K, committed 12352K, reserved 1048576K
}
Event: 9.803 GC heap after
{Heap after GC invocations=24 (full 0):
 garbage-first heap   total 507904K, used 202257K [0x00000001c0000000, 0x0000000800000000)
  region size 16384K, 2 young (32768K), 2 survivors (32768K)
 Metaspace       used 79068K, committed 81536K, reserved 1179648K
  class space    used 11098K, committed 12352K, reserved 1048576K
}
Event: 10.062 GC heap before
{Heap before GC invocations=24 (full 0):
 garbage-first heap   total 507904K, used 382481K [0x00000001c0000000, 0x0000000800000000)
  region size 16384K, 14 young (229376K), 2 survivors (32768K)
 Metaspace       used 79903K, committed 82368K, reserved 1179648K
  class space    used 11181K, committed 12416K, reserved 1048576K
}
Event: 10.090 GC heap after
{Heap after GC invocations=25 (full 0):
 garbage-first heap   total 557056K, used 315168K [0x00000001c0000000, 0x0000000800000000)
  region size 16384K, 2 young (32768K), 2 survivors (32768K)
 Metaspace       used 79903K, committed 82368K, reserved 1179648K
  class space    used 11181K, committed 12416K, reserved 1048576K
}
Event: 10.273 GC heap before
{Heap before GC invocations=25 (full 0):
 garbage-first heap   total 557056K, used 413472K [0x00000001c0000000, 0x0000000800000000)
  region size 16384K, 8 young (131072K), 2 survivors (32768K)
 Metaspace       used 79906K, committed 82368K, reserved 1179648K
  class space    used 11181K, committed 12416K, reserved 1048576K
}
Event: 10.289 GC heap after
{Heap after GC invocations=26 (full 0):
 garbage-first heap   total 557056K, used 351645K [0x00000001c0000000, 0x0000000800000000)
  region size 16384K, 1 young (16384K), 1 survivors (16384K)
 Metaspace       used 79906K, committed 82368K, reserved 1179648K
  class space    used 11181K, committed 12416K, reserved 1048576K
}
Event: 10.351 GC heap before
{Heap before GC invocations=26 (full 0):
 garbage-first heap   total 557056K, used 433565K [0x00000001c0000000, 0x0000000800000000)
  region size 16384K, 6 young (98304K), 1 survivors (16384K)
 Metaspace       used 79913K, committed 82368K, reserved 1179648K
  class space    used 11181K, committed 12416K, reserved 1048576K
}
Event: 10.360 GC heap after
{Heap after GC invocations=27 (full 0):
 garbage-first heap   total 1097728K, used 378491K [0x00000001c0000000, 0x0000000800000000)
  region size 16384K, 1 young (16384K), 1 survivors (16384K)
 Metaspace       used 79913K, committed 82368K, reserved 1179648K
  class space    used 11181K, committed 12416K, reserved 1048576K
}
Event: 11.858 GC heap before
{Heap before GC invocations=28 (full 0):
 garbage-first heap   total 1097728K, used 771707K [0x00000001c0000000, 0x0000000800000000)
  region size 16384K, 26 young (425984K), 1 survivors (16384K)
 Metaspace       used 90716K, committed 93312K, reserved 1179648K
  class space    used 12090K, committed 13376K, reserved 1048576K
}
Event: 11.877 GC heap after
{Heap after GC invocations=29 (full 0):
 garbage-first heap   total 1097728K, used 426603K [0x00000001c0000000, 0x0000000800000000)
  region size 16384K, 4 young (65536K), 4 survivors (65536K)
 Metaspace       used 90716K, committed 93312K, reserved 1179648K
  class space    used 12090K, committed 13376K, reserved 1048576K
}
Event: 1292.524 GC heap before
{Heap before GC invocations=29 (full 0):
 garbage-first heap   total 1097728K, used 819819K [0x00000001c0000000, 0x0000000800000000)
  region size 16384K, 28 young (458752K), 4 survivors (65536K)
 Metaspace       used 99905K, committed 102464K, reserved 1179648K
  class space    used 12696K, committed 14016K, reserved 1048576K
}
Event: 1292.542 GC heap after
{Heap after GC invocations=30 (full 0):
 garbage-first heap   total 1097728K, used 430196K [0x00000001c0000000, 0x0000000800000000)
  region size 16384K, 1 young (16384K), 1 survivors (16384K)
 Metaspace       used 99905K, committed 102464K, reserved 1179648K
  class space    used 12696K, committed 14016K, reserved 1048576K
}
Event: 1292.747 GC heap before
{Heap before GC invocations=30 (full 0):
 garbage-first heap   total 1097728K, used 430196K [0x00000001c0000000, 0x0000000800000000)
  region size 16384K, 2 young (32768K), 1 survivors (16384K)
 Metaspace       used 99959K, committed 102592K, reserved 1179648K
  class space    used 12696K, committed 14016K, reserved 1048576K
}
Event: 1292.750 GC heap after
{Heap after GC invocations=31 (full 0):
 garbage-first heap   total 1097728K, used 427610K [0x00000001c0000000, 0x0000000800000000)
  region size 16384K, 1 young (16384K), 1 survivors (16384K)
 Metaspace       used 99959K, committed 102592K, reserved 1179648K
  class space    used 12696K, committed 14016K, reserved 1048576K
}
Event: 1294.237 GC heap before
{Heap before GC invocations=32 (full 0):
 garbage-first heap   total 1097728K, used 837210K [0x00000001c0000000, 0x0000000800000000)
  region size 16384K, 28 young (458752K), 1 survivors (16384K)
 Metaspace       used 100495K, committed 103104K, reserved 1179648K
  class space    used 12699K, committed 14016K, reserved 1048576K
}
Event: 1294.261 GC heap after
{Heap after GC invocations=33 (full 0):
 garbage-first heap   total 1097728K, used 504951K [0x00000001c0000000, 0x0000000800000000)
  region size 16384K, 4 young (65536K), 4 survivors (65536K)
 Metaspace       used 100495K, committed 103104K, reserved 1179648K
  class space    used 12699K, committed 14016K, reserved 1048576K
}
Event: 1294.602 GC heap before
{Heap before GC invocations=33 (full 0):
 garbage-first heap   total 1097728K, used 881783K [0x00000001c0000000, 0x0000000800000000)
  region size 16384K, 27 young (442368K), 4 survivors (65536K)
 Metaspace       used 100526K, committed 103104K, reserved 1179648K
  class space    used 12699K, committed 14016K, reserved 1048576K
}
Event: 1294.639 GC heap after
{Heap after GC invocations=34 (full 0):
 garbage-first heap   total 1097728K, used 493889K [0x00000001c0000000, 0x0000000800000000)
  region size 16384K, 4 young (65536K), 4 survivors (65536K)
 Metaspace       used 100526K, committed 103104K, reserved 1179648K
  class space    used 12699K, committed 14016K, reserved 1048576K
}
Event: 1295.015 GC heap before
{Heap before GC invocations=34 (full 0):
 garbage-first heap   total 1097728K, used 837953K [0x00000001c0000000, 0x0000000800000000)
  region size 16384K, 26 young (425984K), 4 survivors (65536K)
 Metaspace       used 100784K, committed 103360K, reserved 1179648K
  class space    used 12699K, committed 14016K, reserved 1048576K
}

